2025-03-06 22:54:43,213 - INFO - 
my_function() has been called
2025-03-06 22:56:38,261 - INFO - 
my_function() has been called again
2025-03-06 23:00:01,999 - INFO - This message will be printed on screen and recorded in the log file.
2025-03-06 23:05:02,363 - INFO - This message will be printed on screen and recorded in the log file.
2025-03-06 23:06:46,947 - INFO - This message will be printed on screen and recorded in the log file. def my_function(param):
    return param*2
2025-03-06 23:06:55,844 - INFO - This message will be printed on screen and recorded in the log file.
def my_function(param):
    return param*2
2025-03-06 23:14:32,926 - INFO - 
def my_function(param):
    return param*2
2025-03-06 23:17:46,692 - INFO - This message will be printed on screen and recorded in the log file.
def my_function(param):
    return param*2
2025-03-06 23:17:50,362 - INFO - 
def my_function(param):
    return param*2
2025-03-06 23:18:04,546 - INFO - This message will be printed on screen and recorded in the log file.
def my_function(param):
    return param*2
2025-03-06 23:19:45,117 - INFO - This message will have a timestamp without hyphens.
2025-03-06 23:27:39.547 INFO This message will be printed on screen and recorded in the log file.
def my_function(param):
    return param*2
2025-03-06 23:29:17,883 - INFO - This message will be printed on screen and recorded in the log file.
def my_function(param):
    return param*2
2025-03-06 23:29:34,985 - INFO - 
def my_function(param):
    return param*2
2025-03-06 23:29:41,933 - INFO This message will be printed on screen and recorded in the log file.
def my_function(param):
    return param*2
2025-03-06 23:29:57,863    INFO    This message will be printed on screen and recorded in the log file.
def my_function(param):
    return param*2
2025-03-06 23:30:17,222  INFO  This message will be printed on screen and recorded in the log file.
def my_function(param):
    return param*2
2025-03-06 23:30:21,475  INFO  
def my_function(param):
    return param*2
2025-03-06 23:33:25,704  INFO  This message will be printed on screen and recorded in the log file.
def my_function(param):
    return param*2
2025-03-06 23:36:28,192  INFO  This message will be printed on screen and recorded in the log file.
def my_function(param):
    return param*2
2025-03-06 23:36:31,307  INFO  
def my_function(param):
    return param*2
2025-03-07 00:00:48,378  INFO  This message will be printed on screen and recorded in the log file.
def my_function(param):
    return param*2
2025-03-07 00:00:48,380  INFO  
def my_function(param):
    return param*2
